Using pre-set license
Built from '2020.2/release' branch; Version is '2020.2.1f1 (270dd8c3da1c) revision 2559448'; Using compiler version '192528614'; Build Type 'Release'
OS: 'Windows 10  (10.0.0) 64bit' Language: 'es' Physical Memory: 18379 MB
BatchMode: 1, IsHumanControllingUs: 0, StartBugReporterOnCrash: 0, Is64bit: 1, IsPro: 0

 COMMAND LINE ARGUMENTS:
C:\Program Files\Unity\Hub\Editor\2020.2.1f1\Editor\Unity.exe
-adb2
-batchMode
-noUpm
-name
AssetImportWorker0
-projectPath
C:/Users/usuario/Desktop/FUNDAMENTO VR/ConexionLeap2.0
-logFile
Logs/AssetImportWorker0.log
-srvPort
49160
Successfully changed project path to: C:/Users/usuario/Desktop/FUNDAMENTO VR/ConexionLeap2.0
C:/Users/usuario/Desktop/FUNDAMENTO VR/ConexionLeap2.0
Using Asset Import Pipeline V2.
Refreshing native plugins compatible for Editor in 48.98 ms, found 1 plugins.
Preloading 0 native plugins for Editor in 0.00 ms.
Initialize engine version: 2020.2.1f1 (270dd8c3da1c)
[Subsystems] Discovering subsystems at path C:/Program Files/Unity/Hub/Editor/2020.2.1f1/Editor/Data/Resources/UnitySubsystems
[Subsystems] Discovering subsystems at path C:/Users/usuario/Desktop/FUNDAMENTO VR/ConexionLeap2.0/Assets
GfxDevice: creating device client; threaded=0
Direct3D:
    Version:  Direct3D 11.0 [level 11.1]
    Renderer: AMD Radeon(TM) RX Vega 10 Graphics (ID=0x15d8)
    Vendor:   
    VRAM:     9189 MB
    Driver:   27.20.11044.5003
Initialize mono
Mono path[0] = 'C:/Program Files/Unity/Hub/Editor/2020.2.1f1/Editor/Data/Managed'
Mono path[1] = 'C:/Program Files/Unity/Hub/Editor/2020.2.1f1/Editor/Data/MonoBleedingEdge/lib/mono/unityjit'
Mono config path = 'C:/Program Files/Unity/Hub/Editor/2020.2.1f1/Editor/Data/MonoBleedingEdge/etc'
Using monoOptions --debugger-agent=transport=dt_socket,embedding=1,server=y,suspend=n,address=127.0.0.1:56928
Begin MonoManager ReloadAssembly
Registering precompiled unity dll's ...
Register platform support module: C:/Program Files/Unity/Hub/Editor/2020.2.1f1/Editor/Data/PlaybackEngines/WindowsStandaloneSupport/UnityEditor.WindowsStandalone.Extensions.dll
Registered in 0.002816 seconds.
Native extension for WindowsStandalone target not found
Refreshing native plugins compatible for Editor in 51.97 ms, found 1 plugins.
Preloading 0 native plugins for Editor in 0.00 ms.
Invoked RoslynAnalysisRunner static constructor.
RoslynAnalysisRunner will not be running.
RoslynAnalysisRunner has terminated.
Mono: successfully reloaded assembly
- Completed reload, in  1.642 seconds
Platform modules already initialized, skipping
Registering precompiled user dll's ...
Registered in 0.002439 seconds.
Begin MonoManager ReloadAssembly
Native extension for WindowsStandalone target not found
Refreshing native plugins compatible for Editor in 0.38 ms, found 1 plugins.
Preloading 0 native plugins for Editor in 0.00 ms.
Invoked RoslynAnalysisRunner static constructor.
RoslynAnalysisRunner will not be running.
RoslynAnalysisRunner has terminated.
Mono: successfully reloaded assembly
- Completed reload, in  1.342 seconds
Platform modules already initialized, skipping
========================================================================
Worker process is ready to serve import requests
Launched and connected shader compiler UnityShaderCompiler.exe after 0.04 seconds
Refreshing native plugins compatible for Editor in 0.44 ms, found 1 plugins.
Preloading 0 native plugins for Editor in 0.00 ms.
Unloading 1452 Unused Serialized files (Serialized files now loaded: 0)
System memory in use before: 81.7 MB.
System memory in use after: 81.7 MB.

Unloading 13 unused Assets to reduce memory usage. Loaded Objects now: 1913.
Total: 3.000800 ms (FindLiveObjects: 0.279300 ms CreateObjectMapping: 0.050300 ms MarkObjects: 2.528800 ms  DeleteObjects: 0.140700 ms)

========================================================================
Received Import Request.
  path: Assets/Coconut Palm Tree Pack/Models
  artifactKey: Guid(41b51bd1ba7a85342b796587dcba6bb5) Importer(815301076,1909f56bfc062723c751e8b465ee728b)
Start importing Assets/Coconut Palm Tree Pack/Models using Guid(41b51bd1ba7a85342b796587dcba6bb5) Importer(815301076,1909f56bfc062723c751e8b465ee728b)  -> (artifact id: '6eb5a9412b2bb3d5a3e845cd70978ddc') in 0.037848 seconds
  Import took 0.041921 seconds .

========================================================================
Received Import Request.
  Time since last request: 15.656534 seconds.
  path: Assets/Plugins/LeapMotion/Core/Examples/Hand Post-Processes (VR).unity
  artifactKey: Guid(5cb628934988a6d48bcea04bdb54c78e) Importer(815301076,1909f56bfc062723c751e8b465ee728b)
Start importing Assets/Plugins/LeapMotion/Core/Examples/Hand Post-Processes (VR).unity using Guid(5cb628934988a6d48bcea04bdb54c78e) Importer(815301076,1909f56bfc062723c751e8b465ee728b)  -> (artifact id: '85dc82610843a804634d4c0fd19f4489') in 0.051497 seconds
  Import took 0.055912 seconds .

========================================================================
Received Import Request.
  Time since last request: 0.721194 seconds.
  path: Assets/Plugins/LeapMotion/Core/Examples/Rigged Hands (VR - Infrared Viewer).unity
  artifactKey: Guid(d88e9011efa39d24a9c768560b6c9bf0) Importer(815301076,1909f56bfc062723c751e8b465ee728b)
Start importing Assets/Plugins/LeapMotion/Core/Examples/Rigged Hands (VR - Infrared Viewer).unity using Guid(d88e9011efa39d24a9c768560b6c9bf0) Importer(815301076,1909f56bfc062723c751e8b465ee728b)  -> (artifact id: '312a53fb613701d54814d65e8ae14da1') in 0.042071 seconds
  Import took 0.045664 seconds .

========================================================================
Received Import Request.
  Time since last request: 1.063033 seconds.
  path: Assets/Plugins/LeapMotion/Core/Examples/Rigged Hands (VR).unity
  artifactKey: Guid(af5071277bb494844a54bfccdc5e226f) Importer(815301076,1909f56bfc062723c751e8b465ee728b)
Start importing Assets/Plugins/LeapMotion/Core/Examples/Rigged Hands (VR).unity using Guid(af5071277bb494844a54bfccdc5e226f) Importer(815301076,1909f56bfc062723c751e8b465ee728b)  -> (artifact id: '50ca7cc923a9f8de962b2e26b8b3c298') in 0.040260 seconds
  Import took 0.044764 seconds .

========================================================================
Received Import Request.
  Time since last request: 4.031989 seconds.
  path: Assets/Plugins/LeapMotion/Core/Examples/Capsule Hands (VR).unity
  artifactKey: Guid(b8716ea72d45ecc4f9d690226f6664d1) Importer(815301076,1909f56bfc062723c751e8b465ee728b)
Start importing Assets/Plugins/LeapMotion/Core/Examples/Capsule Hands (VR).unity using Guid(b8716ea72d45ecc4f9d690226f6664d1) Importer(815301076,1909f56bfc062723c751e8b465ee728b)  -> (artifact id: '374d9d78ccb8cbb4725bd5f61e96a9bc') in 0.042464 seconds
  Import took 0.046182 seconds .

========================================================================
Received Import Request.
  Time since last request: 6.495515 seconds.
  path: Assets/Plugins/LeapMotion/Core/Examples/Example Assets/Attachment Hands Example Blue.mat
  artifactKey: Guid(67b66d4eb50ed684d94eb00bc04709d2) Importer(815301076,1909f56bfc062723c751e8b465ee728b)
Start importing Assets/Plugins/LeapMotion/Core/Examples/Example Assets/Attachment Hands Example Blue.mat using Guid(67b66d4eb50ed684d94eb00bc04709d2) Importer(815301076,1909f56bfc062723c751e8b465ee728b)  -> (artifact id: 'ccda85107ecdd62a1e34369ffd82dc1e') in 0.184228 seconds
  Import took 0.188879 seconds .

========================================================================
Received Import Request.
  Time since last request: 0.000571 seconds.
  path: Assets/Plugins/LeapMotion/Core/Examples/Example Assets/Attachment Hands Example Red.mat
  artifactKey: Guid(113742fcb5ec3254e96c40315b70f248) Importer(815301076,1909f56bfc062723c751e8b465ee728b)
Start importing Assets/Plugins/LeapMotion/Core/Examples/Example Assets/Attachment Hands Example Red.mat using Guid(113742fcb5ec3254e96c40315b70f248) Importer(815301076,1909f56bfc062723c751e8b465ee728b)  -> (artifact id: '8990b54b324e7e74d24f3a99b1a13fe2') in 0.054492 seconds
  Import took 0.058448 seconds .

========================================================================
Received Import Request.
  Time since last request: 0.000337 seconds.
  path: Assets/Plugins/LeapMotion/Core/Examples/Example Assets/Attachment Hands Example Transform Prefab.prefab
  artifactKey: Guid(1477d75bc13cce74ea026927aa88dd9f) Importer(815301076,1909f56bfc062723c751e8b465ee728b)
Start importing Assets/Plugins/LeapMotion/Core/Examples/Example Assets/Attachment Hands Example Transform Prefab.prefab using Guid(1477d75bc13cce74ea026927aa88dd9f) Importer(815301076,1909f56bfc062723c751e8b465ee728b)  -> (artifact id: 'd56843db284b73b69d59009fab0ec59d') in 0.082902 seconds
  Import took 0.087162 seconds .

========================================================================
Received Import Request.
  Time since last request: 0.000324 seconds.
  path: Assets/Plugins/LeapMotion/Core/Examples/Example Assets/Attachment Hands Example Green.mat
  artifactKey: Guid(81f6d387b9d5c994d9e291af97c84648) Importer(815301076,1909f56bfc062723c751e8b465ee728b)
Start importing Assets/Plugins/LeapMotion/Core/Examples/Example Assets/Attachment Hands Example Green.mat using Guid(81f6d387b9d5c994d9e291af97c84648) Importer(815301076,1909f56bfc062723c751e8b465ee728b)  -> (artifact id: '32a5ba09fdcec84e22c00ab7d9603d18') in 0.056312 seconds
  Import took 0.060940 seconds .

========================================================================
Received Import Request.
  Time since last request: 0.000433 seconds.
  path: Assets/Plugins/LeapMotion/Core/Examples/Example Assets/Example Ground Material.mat
  artifactKey: Guid(c49b4153c4032784bbc659f359b10954) Importer(815301076,1909f56bfc062723c751e8b465ee728b)
Start importing Assets/Plugins/LeapMotion/Core/Examples/Example Assets/Example Ground Material.mat using Guid(c49b4153c4032784bbc659f359b10954) Importer(815301076,1909f56bfc062723c751e8b465ee728b)  -> (artifact id: 'b4041a100178eda84ba677d2b9d1e110') in 0.061117 seconds
  Import took 0.065481 seconds .

========================================================================
Received Import Request.
  Time since last request: 0.000270 seconds.
  path: Assets/Plugins/LeapMotion/Core/Examples/Example Assets/Example Ground Object.prefab
  artifactKey: Guid(d927f226198a4c041848215cdda6fd4d) Importer(815301076,1909f56bfc062723c751e8b465ee728b)
Start importing Assets/Plugins/LeapMotion/Core/Examples/Example Assets/Example Ground Object.prefab using Guid(d927f226198a4c041848215cdda6fd4d) Importer(815301076,1909f56bfc062723c751e8b465ee728b)  -> (artifact id: 'b3246ef4cd5c55f1d5262c4e9cf093ac') in 0.071477 seconds
  Import took 0.076531 seconds .

========================================================================
Received Import Request.
  Time since last request: 67.064639 seconds.
  path: Assets/Scenes/SampleScene.unity
  artifactKey: Guid(9fc0d4010bbf28b4594072e72b8655ab) Importer(815301076,1909f56bfc062723c751e8b465ee728b)
Start importing Assets/Scenes/SampleScene.unity using Guid(9fc0d4010bbf28b4594072e72b8655ab) Importer(815301076,1909f56bfc062723c751e8b465ee728b)  -> (artifact id: '1506f59b0627b1687dae81ac065649a9') in 0.047745 seconds
  Import took 0.053558 seconds .

========================================================================
Received Prepare
Registering precompiled user dll's ...
Registered in 0.002447 seconds.
Begin MonoManager ReloadAssembly
Native extension for WindowsStandalone target not found
Refreshing native plugins compatible for Editor in 0.57 ms, found 1 plugins.
Preloading 0 native plugins for Editor in 0.00 ms.
Invoked RoslynAnalysisRunner static constructor.
RoslynAnalysisRunner will not be running.
RoslynAnalysisRunner has terminated.
Mono: successfully reloaded assembly
- Completed reload, in  1.366 seconds
Platform modules already initialized, skipping
Refreshing native plugins compatible for Editor in 0.43 ms, found 1 plugins.
Preloading 0 native plugins for Editor in 0.00 ms.
Unloading 1438 Unused Serialized files (Serialized files now loaded: 0)
System memory in use before: 84.5 MB.
System memory in use after: 84.6 MB.

Unloading 8 unused Assets to reduce memory usage. Loaded Objects now: 1958.
Total: 3.601200 ms (FindLiveObjects: 0.291900 ms CreateObjectMapping: 0.066100 ms MarkObjects: 3.119400 ms  DeleteObjects: 0.121500 ms)

AssetImportWorkerClient::OnTransportError - code=2 error=End of file
