Using pre-set license
Built from '2020.2/release' branch; Version is '2020.2.1f1 (270dd8c3da1c) revision 2559448'; Using compiler version '192528614'; Build Type 'Release'
OS: 'Windows 10  (10.0.0) 64bit' Language: 'es' Physical Memory: 18379 MB
BatchMode: 1, IsHumanControllingUs: 0, StartBugReporterOnCrash: 0, Is64bit: 1, IsPro: 0

 COMMAND LINE ARGUMENTS:
C:\Program Files\Unity\Hub\Editor\2020.2.1f1\Editor\Unity.exe
-adb2
-batchMode
-noUpm
-name
AssetImportWorker0
-projectPath
C:/Users/usuario/Desktop/FUNDAMENTO VR/ConexionLeap2.0
-logFile
Logs/AssetImportWorker0.log
-srvPort
57249
Successfully changed project path to: C:/Users/usuario/Desktop/FUNDAMENTO VR/ConexionLeap2.0
C:/Users/usuario/Desktop/FUNDAMENTO VR/ConexionLeap2.0
Using Asset Import Pipeline V2.
Refreshing native plugins compatible for Editor in 45.14 ms, found 1 plugins.
Preloading 0 native plugins for Editor in 0.00 ms.
Initialize engine version: 2020.2.1f1 (270dd8c3da1c)
[Subsystems] Discovering subsystems at path C:/Program Files/Unity/Hub/Editor/2020.2.1f1/Editor/Data/Resources/UnitySubsystems
[Subsystems] Discovering subsystems at path C:/Users/usuario/Desktop/FUNDAMENTO VR/ConexionLeap2.0/Assets
GfxDevice: creating device client; threaded=0
Direct3D:
    Version:  Direct3D 11.0 [level 11.1]
    Renderer: AMD Radeon(TM) RX Vega 10 Graphics (ID=0x15d8)
    Vendor:   
    VRAM:     9189 MB
    Driver:   27.20.11044.5003
Initialize mono
Mono path[0] = 'C:/Program Files/Unity/Hub/Editor/2020.2.1f1/Editor/Data/Managed'
Mono path[1] = 'C:/Program Files/Unity/Hub/Editor/2020.2.1f1/Editor/Data/MonoBleedingEdge/lib/mono/unityjit'
Mono config path = 'C:/Program Files/Unity/Hub/Editor/2020.2.1f1/Editor/Data/MonoBleedingEdge/etc'
Using monoOptions --debugger-agent=transport=dt_socket,embedding=1,server=y,suspend=n,address=127.0.0.1:56892
Begin MonoManager ReloadAssembly
Registering precompiled unity dll's ...
Register platform support module: C:/Program Files/Unity/Hub/Editor/2020.2.1f1/Editor/Data/PlaybackEngines/WindowsStandaloneSupport/UnityEditor.WindowsStandalone.Extensions.dll
Registered in 0.002390 seconds.
Native extension for WindowsStandalone target not found
Refreshing native plugins compatible for Editor in 42.76 ms, found 1 plugins.
Preloading 0 native plugins for Editor in 0.00 ms.
Invoked RoslynAnalysisRunner static constructor.
RoslynAnalysisRunner will not be running.
RoslynAnalysisRunner has terminated.
Mono: successfully reloaded assembly
- Completed reload, in  1.751 seconds
Platform modules already initialized, skipping
Registering precompiled user dll's ...
Registered in 0.001717 seconds.
Begin MonoManager ReloadAssembly
Native extension for WindowsStandalone target not found
Refreshing native plugins compatible for Editor in 0.48 ms, found 1 plugins.
Preloading 0 native plugins for Editor in 0.00 ms.
Invoked RoslynAnalysisRunner static constructor.
RoslynAnalysisRunner will not be running.
RoslynAnalysisRunner has terminated.
Mono: successfully reloaded assembly
- Completed reload, in  1.702 seconds
Platform modules already initialized, skipping
========================================================================
Worker process is ready to serve import requests
Launched and connected shader compiler UnityShaderCompiler.exe after 0.08 seconds
Refreshing native plugins compatible for Editor in 0.78 ms, found 1 plugins.
Preloading 0 native plugins for Editor in 0.00 ms.
Unloading 1448 Unused Serialized files (Serialized files now loaded: 0)
System memory in use before: 68.6 MB.
System memory in use after: 68.7 MB.

Unloading 13 unused Assets to reduce memory usage. Loaded Objects now: 1890.
Total: 4.814600 ms (FindLiveObjects: 0.814300 ms CreateObjectMapping: 0.231300 ms MarkObjects: 3.621200 ms  DeleteObjects: 0.144600 ms)

========================================================================
Received Import Request.
  path: Assets/Modelos_Tambores
  artifactKey: Guid(8c78ca68ee86fd44ca4ef8a0fc25b155) Importer(815301076,1909f56bfc062723c751e8b465ee728b)
Start importing Assets/Modelos_Tambores using Guid(8c78ca68ee86fd44ca4ef8a0fc25b155) Importer(815301076,1909f56bfc062723c751e8b465ee728b)  -> (artifact id: '9ca6e3aeaafa6fb648691668b4b36c2d') in 0.050189 seconds
  Import took 0.055825 seconds .

========================================================================
Received Import Request.
  Time since last request: 5.205627 seconds.
  path: Assets/Modelos_Tambores/Tambores fbx proyecto Baqueta.fbx
  artifactKey: Guid(d4084532fcd989e408eda2bf08b37d8c) Importer(815301076,1909f56bfc062723c751e8b465ee728b)
Start importing Assets/Modelos_Tambores/Tambores fbx proyecto Baqueta.fbx using Guid(d4084532fcd989e408eda2bf08b37d8c) Importer(815301076,1909f56bfc062723c751e8b465ee728b)  -> (artifact id: '54533aee4f46293acc01574343d6c814') in 0.279035 seconds
  Import took 0.284193 seconds .

========================================================================
Received Import Request.
  Time since last request: 0.000331 seconds.
  path: Assets/Modelos_Tambores/Tambores fbx proyecto Tambor 1.fbx
  artifactKey: Guid(5ff1066e8d0d5ab4cae612ea1bbbd384) Importer(815301076,1909f56bfc062723c751e8b465ee728b)
Start importing Assets/Modelos_Tambores/Tambores fbx proyecto Tambor 1.fbx using Guid(5ff1066e8d0d5ab4cae612ea1bbbd384) Importer(815301076,1909f56bfc062723c751e8b465ee728b)  -> (artifact id: 'b1f658701794652324956cfd1f00ff30') in 0.325920 seconds
  Import took 0.330545 seconds .

========================================================================
Received Import Request.
  Time since last request: 0.000645 seconds.
  path: Assets/Modelos_Tambores/Tambores fbx proyecto Tambor 3.fbx
  artifactKey: Guid(1a95a3267ee8cd244a33ca6e21126879) Importer(815301076,1909f56bfc062723c751e8b465ee728b)
Start importing Assets/Modelos_Tambores/Tambores fbx proyecto Tambor 3.fbx using Guid(1a95a3267ee8cd244a33ca6e21126879) Importer(815301076,1909f56bfc062723c751e8b465ee728b)  -> (artifact id: '518c28d611a7697530198184b628d18f') in 0.755859 seconds
  Import took 0.772096 seconds .

========================================================================
Received Import Request.
  Time since last request: 0.000306 seconds.
  path: Assets/Modelos_Tambores/Tambores fbx proyecto Tambor 2.fbx
  artifactKey: Guid(327483e03c46a374d8fab8e1201301a2) Importer(815301076,1909f56bfc062723c751e8b465ee728b)
Start importing Assets/Modelos_Tambores/Tambores fbx proyecto Tambor 2.fbx using Guid(327483e03c46a374d8fab8e1201301a2) Importer(815301076,1909f56bfc062723c751e8b465ee728b)  -> (artifact id: '4e1f72793f4084ac69cfef47c4a9b3f1') in 0.298941 seconds
  Import took 0.304575 seconds .

========================================================================
Received Import Request.
  Time since last request: 0.000289 seconds.
  path: Assets/Modelos_Tambores/Tambores fbx proyecto Prato.fbx
  artifactKey: Guid(5270a157ffabc2e4dacc2c8f12879ebc) Importer(815301076,1909f56bfc062723c751e8b465ee728b)
Start importing Assets/Modelos_Tambores/Tambores fbx proyecto Prato.fbx using Guid(5270a157ffabc2e4dacc2c8f12879ebc) Importer(815301076,1909f56bfc062723c751e8b465ee728b)  -> (artifact id: '293b2d9dc0866b2c8e7e3b07bf7e2adb') in 0.205004 seconds
  Import took 0.209128 seconds .

